Hmm ... looks like a package
This is pdfTeX, Version 3.14159265-2.6-1.40.17 (TeX Live 2016/W32TeX) (preloaded format=pdflatex)
 restricted \write18 enabled.
entering extended mode
(./Rd2.tex
LaTeX2e <2016/03/31> patch level 3
Babel <3.9r> and hyphenation patterns for 83 language(s) loaded.

(c:/texlive/2016/texmf-dist/tex/latex/base/book.cls
Document Class: book 2014/09/29 v1.4h Standard LaTeX document class
(c:/texlive/2016/texmf-dist/tex/latex/base/bk10.clo))
(c:/PROGRA~1/R/R-36~1.1/share/texmf/tex/latex/Rd.sty
(c:/texlive/2016/texmf-dist/tex/latex/base/ifthen.sty)
(c:/texlive/2016/texmf-dist/tex/latex/tools/longtable.sty)
(c:/texlive/2016/texmf-dist/tex/latex/tools/bm.sty)
(c:/texlive/2016/texmf-dist/tex/latex/base/alltt.sty)
(c:/texlive/2016/texmf-dist/tex/latex/tools/verbatim.sty)
(c:/texlive/2016/texmf-dist/tex/latex/url/url.sty)
(c:/texlive/2016/texmf-dist/tex/latex/base/textcomp.sty
(c:/texlive/2016/texmf-dist/tex/latex/base/ts1enc.def))
(c:/texlive/2016/texmf-dist/tex/latex/base/fontenc.sty
(c:/texlive/2016/texmf-dist/tex/latex/base/t1enc.def))
(c:/texlive/2016/texmf-dist/tex/latex/psnfss/times.sty)
(c:/texlive/2016/texmf-dist/tex/latex/inconsolata/zi4.sty
`inconsolata-zi4' v1.10, 2016/02/22 Text macros for Inconsolata (msharpe)
(c:/texlive/2016/texmf-dist/tex/latex/graphics/keyval.sty))
(c:/texlive/2016/texmf-dist/tex/latex/graphics/color.sty
(c:/texlive/2016/texmf-dist/tex/latex/graphics-cfg/color.cfg)
(c:/texlive/2016/texmf-dist/tex/latex/graphics-def/pdftex.def
(c:/texlive/2016/texmf-dist/tex/generic/oberdiek/infwarerr.sty)
(c:/texlive/2016/texmf-dist/tex/generic/oberdiek/ltxcmds.sty)))
(c:/texlive/2016/texmf-dist/tex/latex/hyperref/hyperref.sty
(c:/texlive/2016/texmf-dist/tex/generic/oberdiek/hobsub-hyperref.sty
(c:/texlive/2016/texmf-dist/tex/generic/oberdiek/hobsub-generic.sty))
(c:/texlive/2016/texmf-dist/tex/generic/ifxetex/ifxetex.sty)
(c:/texlive/2016/texmf-dist/tex/latex/oberdiek/auxhook.sty)
(c:/texlive/2016/texmf-dist/tex/latex/oberdiek/kvoptions.sty)
(c:/texlive/2016/texmf-dist/tex/latex/hyperref/pd1enc.def)
(c:/texlive/2016/texmf-dist/tex/latex/latexconfig/hyperref.cfg))

Package hyperref Message: Driver (autodetected): hpdftex.

(c:/texlive/2016/texmf-dist/tex/latex/hyperref/hpdftex.def
(c:/texlive/2016/texmf-dist/tex/latex/oberdiek/rerunfilecheck.sty))

Package hyperref Warning: Option `hyperindex' has already been used,
(hyperref)                setting the option has no effect on input line 377.


Package hyperref Warning: Option `pagebackref' has already been used,
(hyperref)                setting the option has no effect on input line 377.

) (c:/texlive/2016/texmf-dist/tex/latex/base/makeidx.sty)
(c:/texlive/2016/texmf-dist/tex/latex/base/inputenc.sty
(c:/texlive/2016/texmf-dist/tex/latex/base/utf8.def
(c:/texlive/2016/texmf-dist/tex/latex/base/t1enc.dfu)
(c:/texlive/2016/texmf-dist/tex/latex/base/ot1enc.dfu)
(c:/texlive/2016/texmf-dist/tex/latex/base/omsenc.dfu)
(c:/texlive/2016/texmf-dist/tex/latex/base/ts1enc.dfu)))
Writing index file Rd2.idx
No file Rd2.aux.
(c:/texlive/2016/texmf-dist/tex/latex/base/ts1cmr.fd)
(c:/texlive/2016/texmf-dist/tex/latex/psnfss/t1ptm.fd)
(c:/texlive/2016/texmf-dist/tex/context/base/mkii/supp-pdf.mkii
[Loading MPS to PDF converter (version 2006.09.02).]
) (c:/texlive/2016/texmf-dist/tex/latex/hyperref/nameref.sty
(c:/texlive/2016/texmf-dist/tex/generic/oberdiek/gettitlestring.sty))
(c:/texlive/2016/texmf-dist/tex/latex/base/utf8.def)
(c:/texlive/2016/texmf-dist/tex/latex/inconsolata/t1zi4.fd)
(c:/texlive/2016/texmf-dist/tex/latex/psnfss/t1phv.fd)
(c:/texlive/2016/texmf-dist/tex/latex/base/utf8.def) [1{c:/texlive/2016/texmf-v
ar/fonts/map/pdftex/updmap/pdftex.map}]
(c:/texlive/2016/texmf-dist/tex/latex/base/utf8.def)
No file Rd2.ind.
[2] [3] (./Rd2.aux)

Package rerunfilecheck Warning: File `Rd2.out' has changed.
(rerunfilecheck)                Rerun to get outlines right
(rerunfilecheck)                or use package `bookmark'.

 ){c:/texlive/2016/texmf-dist/fonts/enc/dvips/base/8r.enc}{c:/texlive/2016/texm
f-dist/fonts/enc/dvips/inconsolata/i4-t1-0.enc}<c:/texlive/2016/texmf-dist/font
s/type1/public/inconsolata/Inconsolata-zi4r.pfb><c:/texlive/2016/texmf-dist/fon
ts/type1/urw/helvetic/uhvr8a.pfb><c:/texlive/2016/texmf-dist/fonts/type1/urw/ti
mes/utmb8a.pfb><c:/texlive/2016/texmf-dist/fonts/type1/urw/times/utmr8a.pfb><c:
/texlive/2016/texmf-dist/fonts/type1/urw/times/utmr8a.pfb><c:/texlive/2016/texm
f-dist/fonts/type1/urw/times/utmri8a.pfb>
Output written on Rd2.pdf (3 pages, 68151 bytes).
Transcript written on Rd2.log.
This is makeindex, version 2.15 [TeX Live 2016/W32TeX] (kpathsea + Thai support).
Scanning input file Rd2.idx....done (2 entries accepted, 0 rejected).
Sorting entries....done (2 comparisons).
Generating output file Rd2.ind....done (9 lines written, 0 warnings).
Output written in Rd2.ind.
Transcript written in Rd2.ilg.
This is pdfTeX, Version 3.14159265-2.6-1.40.17 (TeX Live 2016/W32TeX) (preloaded format=pdflatex)
 restricted \write18 enabled.
entering extended mode
(./Rd2.tex
LaTeX2e <2016/03/31> patch level 3
Babel <3.9r> and hyphenation patterns for 83 language(s) loaded.

(c:/texlive/2016/texmf-dist/tex/latex/base/book.cls
Document Class: book 2014/09/29 v1.4h Standard LaTeX document class
(c:/texlive/2016/texmf-dist/tex/latex/base/bk10.clo))
(c:/PROGRA~1/R/R-36~1.1/share/texmf/tex/latex/Rd.sty
(c:/texlive/2016/texmf-dist/tex/latex/base/ifthen.sty)
(c:/texlive/2016/texmf-dist/tex/latex/tools/longtable.sty)
(c:/texlive/2016/texmf-dist/tex/latex/tools/bm.sty)
(c:/texlive/2016/texmf-dist/tex/latex/base/alltt.sty)
(c:/texlive/2016/texmf-dist/tex/latex/tools/verbatim.sty)
(c:/texlive/2016/texmf-dist/tex/latex/url/url.sty)
(c:/texlive/2016/texmf-dist/tex/latex/base/textcomp.sty
(c:/texlive/2016/texmf-dist/tex/latex/base/ts1enc.def))
(c:/texlive/2016/texmf-dist/tex/latex/base/fontenc.sty
(c:/texlive/2016/texmf-dist/tex/latex/base/t1enc.def))
(c:/texlive/2016/texmf-dist/tex/latex/psnfss/times.sty)
(c:/texlive/2016/texmf-dist/tex/latex/inconsolata/zi4.sty
`inconsolata-zi4' v1.10, 2016/02/22 Text macros for Inconsolata (msharpe)
(c:/texlive/2016/texmf-dist/tex/latex/graphics/keyval.sty))
(c:/texlive/2016/texmf-dist/tex/latex/graphics/color.sty
(c:/texlive/2016/texmf-dist/tex/latex/graphics-cfg/color.cfg)
(c:/texlive/2016/texmf-dist/tex/latex/graphics-def/pdftex.def
(c:/texlive/2016/texmf-dist/tex/generic/oberdiek/infwarerr.sty)
(c:/texlive/2016/texmf-dist/tex/generic/oberdiek/ltxcmds.sty)))
(c:/texlive/2016/texmf-dist/tex/latex/hyperref/hyperref.sty
(c:/texlive/2016/texmf-dist/tex/generic/oberdiek/hobsub-hyperref.sty
(c:/texlive/2016/texmf-dist/tex/generic/oberdiek/hobsub-generic.sty))
(c:/texlive/2016/texmf-dist/tex/generic/ifxetex/ifxetex.sty)
(c:/texlive/2016/texmf-dist/tex/latex/oberdiek/auxhook.sty)
(c:/texlive/2016/texmf-dist/tex/latex/oberdiek/kvoptions.sty)
(c:/texlive/2016/texmf-dist/tex/latex/hyperref/pd1enc.def)
(c:/texlive/2016/texmf-dist/tex/latex/latexconfig/hyperref.cfg))

Package hyperref Message: Driver (autodetected): hpdftex.

(c:/texlive/2016/texmf-dist/tex/latex/hyperref/hpdftex.def
(c:/texlive/2016/texmf-dist/tex/latex/oberdiek/rerunfilecheck.sty))

Package hyperref Warning: Option `hyperindex' has already been used,
(hyperref)                setting the option has no effect on input line 377.


Package hyperref Warning: Option `pagebackref' has already been used,
(hyperref)                setting the option has no effect on input line 377.

) (c:/texlive/2016/texmf-dist/tex/latex/base/makeidx.sty)
(c:/texlive/2016/texmf-dist/tex/latex/base/inputenc.sty
(c:/texlive/2016/texmf-dist/tex/latex/base/utf8.def
(c:/texlive/2016/texmf-dist/tex/latex/base/t1enc.dfu)
(c:/texlive/2016/texmf-dist/tex/latex/base/ot1enc.dfu)
(c:/texlive/2016/texmf-dist/tex/latex/base/omsenc.dfu)
(c:/texlive/2016/texmf-dist/tex/latex/base/ts1enc.dfu)))
Writing index file Rd2.idx
(./Rd2.aux) (c:/texlive/2016/texmf-dist/tex/latex/base/ts1cmr.fd)
(c:/texlive/2016/texmf-dist/tex/latex/psnfss/t1ptm.fd)
(c:/texlive/2016/texmf-dist/tex/context/base/mkii/supp-pdf.mkii
[Loading MPS to PDF converter (version 2006.09.02).]
) (c:/texlive/2016/texmf-dist/tex/latex/hyperref/nameref.sty
(c:/texlive/2016/texmf-dist/tex/generic/oberdiek/gettitlestring.sty))
(./Rd2.out) (./Rd2.out) (c:/texlive/2016/texmf-dist/tex/latex/base/utf8.def)
(c:/texlive/2016/texmf-dist/tex/latex/inconsolata/t1zi4.fd)
(c:/texlive/2016/texmf-dist/tex/latex/psnfss/t1phv.fd) (./Rd2.toc)
(c:/texlive/2016/texmf-dist/tex/latex/base/utf8.def) [1{c:/texlive/2016/texmf-v
ar/fonts/map/pdftex/updmap/pdftex.map}]
(c:/texlive/2016/texmf-dist/tex/latex/base/utf8.def) [2] (./Rd2.ind [3]
[4]) (./Rd2.aux)

Package rerunfilecheck Warning: File `Rd2.out' has changed.
(rerunfilecheck)                Rerun to get outlines right
(rerunfilecheck)                or use package `bookmark'.

 ){c:/texlive/2016/texmf-dist/fonts/enc/dvips/base/8r.enc}{c:/texlive/2016/texm
f-dist/fonts/enc/dvips/inconsolata/i4-t1-0.enc}<c:/texlive/2016/texmf-dist/font
s/type1/public/inconsolata/Inconsolata-zi4r.pfb><c:/texlive/2016/texmf-dist/fon
ts/type1/urw/helvetic/uhvr8a.pfb><c:/texlive/2016/texmf-dist/fonts/type1/urw/ti
mes/utmb8a.pfb><c:/texlive/2016/texmf-dist/fonts/type1/urw/times/utmr8a.pfb><c:
/texlive/2016/texmf-dist/fonts/type1/urw/times/utmr8a.pfb><c:/texlive/2016/texm
f-dist/fonts/type1/urw/times/utmri8a.pfb>
Output written on Rd2.pdf (4 pages, 69096 bytes).
Transcript written on Rd2.log.
This is makeindex, version 2.15 [TeX Live 2016/W32TeX] (kpathsea + Thai support).
Scanning input file Rd2.idx....done (2 entries accepted, 0 rejected).
Sorting entries....done (2 comparisons).
Generating output file Rd2.ind....done (9 lines written, 0 warnings).
Output written in Rd2.ind.
Transcript written in Rd2.ilg.
This is pdfTeX, Version 3.14159265-2.6-1.40.17 (TeX Live 2016/W32TeX) (preloaded format=pdflatex)
 restricted \write18 enabled.
entering extended mode
(./Rd2.tex
LaTeX2e <2016/03/31> patch level 3
Babel <3.9r> and hyphenation patterns for 83 language(s) loaded.

(c:/texlive/2016/texmf-dist/tex/latex/base/book.cls
Document Class: book 2014/09/29 v1.4h Standard LaTeX document class
(c:/texlive/2016/texmf-dist/tex/latex/base/bk10.clo))
(c:/PROGRA~1/R/R-36~1.1/share/texmf/tex/latex/Rd.sty
(c:/texlive/2016/texmf-dist/tex/latex/base/ifthen.sty)
(c:/texlive/2016/texmf-dist/tex/latex/tools/longtable.sty)
(c:/texlive/2016/texmf-dist/tex/latex/tools/bm.sty)
(c:/texlive/2016/texmf-dist/tex/latex/base/alltt.sty)
(c:/texlive/2016/texmf-dist/tex/latex/tools/verbatim.sty)
(c:/texlive/2016/texmf-dist/tex/latex/url/url.sty)
(c:/texlive/2016/texmf-dist/tex/latex/base/textcomp.sty
(c:/texlive/2016/texmf-dist/tex/latex/base/ts1enc.def))
(c:/texlive/2016/texmf-dist/tex/latex/base/fontenc.sty
(c:/texlive/2016/texmf-dist/tex/latex/base/t1enc.def))
(c:/texlive/2016/texmf-dist/tex/latex/psnfss/times.sty)
(c:/texlive/2016/texmf-dist/tex/latex/inconsolata/zi4.sty
`inconsolata-zi4' v1.10, 2016/02/22 Text macros for Inconsolata (msharpe)
(c:/texlive/2016/texmf-dist/tex/latex/graphics/keyval.sty))
(c:/texlive/2016/texmf-dist/tex/latex/graphics/color.sty
(c:/texlive/2016/texmf-dist/tex/latex/graphics-cfg/color.cfg)
(c:/texlive/2016/texmf-dist/tex/latex/graphics-def/pdftex.def
(c:/texlive/2016/texmf-dist/tex/generic/oberdiek/infwarerr.sty)
(c:/texlive/2016/texmf-dist/tex/generic/oberdiek/ltxcmds.sty)))
(c:/texlive/2016/texmf-dist/tex/latex/hyperref/hyperref.sty
(c:/texlive/2016/texmf-dist/tex/generic/oberdiek/hobsub-hyperref.sty
(c:/texlive/2016/texmf-dist/tex/generic/oberdiek/hobsub-generic.sty))
(c:/texlive/2016/texmf-dist/tex/generic/ifxetex/ifxetex.sty)
(c:/texlive/2016/texmf-dist/tex/latex/oberdiek/auxhook.sty)
(c:/texlive/2016/texmf-dist/tex/latex/oberdiek/kvoptions.sty)
(c:/texlive/2016/texmf-dist/tex/latex/hyperref/pd1enc.def)
(c:/texlive/2016/texmf-dist/tex/latex/latexconfig/hyperref.cfg))

Package hyperref Message: Driver (autodetected): hpdftex.

(c:/texlive/2016/texmf-dist/tex/latex/hyperref/hpdftex.def
(c:/texlive/2016/texmf-dist/tex/latex/oberdiek/rerunfilecheck.sty))

Package hyperref Warning: Option `hyperindex' has already been used,
(hyperref)                setting the option has no effect on input line 377.


Package hyperref Warning: Option `pagebackref' has already been used,
(hyperref)                setting the option has no effect on input line 377.

) (c:/texlive/2016/texmf-dist/tex/latex/base/makeidx.sty)
(c:/texlive/2016/texmf-dist/tex/latex/base/inputenc.sty
(c:/texlive/2016/texmf-dist/tex/latex/base/utf8.def
(c:/texlive/2016/texmf-dist/tex/latex/base/t1enc.dfu)
(c:/texlive/2016/texmf-dist/tex/latex/base/ot1enc.dfu)
(c:/texlive/2016/texmf-dist/tex/latex/base/omsenc.dfu)
(c:/texlive/2016/texmf-dist/tex/latex/base/ts1enc.dfu)))
Writing index file Rd2.idx
(./Rd2.aux) (c:/texlive/2016/texmf-dist/tex/latex/base/ts1cmr.fd)
(c:/texlive/2016/texmf-dist/tex/latex/psnfss/t1ptm.fd)
(c:/texlive/2016/texmf-dist/tex/context/base/mkii/supp-pdf.mkii
[Loading MPS to PDF converter (version 2006.09.02).]
) (c:/texlive/2016/texmf-dist/tex/latex/hyperref/nameref.sty
(c:/texlive/2016/texmf-dist/tex/generic/oberdiek/gettitlestring.sty))
(./Rd2.out) (./Rd2.out) (c:/texlive/2016/texmf-dist/tex/latex/base/utf8.def)
(c:/texlive/2016/texmf-dist/tex/latex/inconsolata/t1zi4.fd)
(c:/texlive/2016/texmf-dist/tex/latex/psnfss/t1phv.fd) (./Rd2.toc)
(c:/texlive/2016/texmf-dist/tex/latex/base/utf8.def) [1{c:/texlive/2016/texmf-v
ar/fonts/map/pdftex/updmap/pdftex.map}]
(c:/texlive/2016/texmf-dist/tex/latex/base/utf8.def) [2] (./Rd2.ind [3]
[4]) (./Rd2.aux) ){c:/texlive/2016/texmf-dist/fonts/enc/dvips/base/8r.enc}{c:/t
exlive/2016/texmf-dist/fonts/enc/dvips/inconsolata/i4-t1-0.enc}<c:/texlive/2016
/texmf-dist/fonts/type1/public/inconsolata/Inconsolata-zi4r.pfb><c:/texlive/201
6/texmf-dist/fonts/type1/urw/helvetic/uhvr8a.pfb><c:/texlive/2016/texmf-dist/fo
nts/type1/urw/times/utmb8a.pfb><c:/texlive/2016/texmf-dist/fonts/type1/urw/time
s/utmr8a.pfb><c:/texlive/2016/texmf-dist/fonts/type1/urw/times/utmr8a.pfb><c:/t
exlive/2016/texmf-dist/fonts/type1/urw/times/utmri8a.pfb>
Output written on Rd2.pdf (4 pages, 69745 bytes).
Transcript written on Rd2.log.
Saving output to 'HotSpots-manual.pdf' ...
Done
You may want to clean up by 'rm -Rf C:/Users/ssjtc/AppData/Local/Temp/RtmpkJcxJV/Rd2pdf2a6439e04541'
